<?xml version="1.0" encoding="UTF-8"?>
<!-- Generated by org.testng.reporters.JUnitXMLReporter -->
<testsuite hostname="LAPTOP-S0433K5K" ignored="2" name="Default test(failed)" tests="2" failures="1" timestamp="2021-04-03T07:21:21 IST" time="0.05" errors="0">
  <testcase name="loginTest" time="0.006" classname="com.test.TestNgFeatures">
    <failure type="java.lang.ArithmeticException" message="/ by zero">
      <![CDATA[java.lang.ArithmeticException: / by zero
at com.test.TestNgFeatures.loginTest(TestNgFeatures.java:16)
at java.util.ArrayList.forEach(ArrayList.java:1249)
... Removed 28 stack frames]]>
    </failure>
  </testcase> <!-- loginTest -->
  <testcase name="HomePageTest" time="0.0" classname="com.test.TestNgFeatures">
    <skipped/>
  </testcase> <!-- HomePageTest -->
  <testcase name="RegPageTest" time="0.0" classname="com.test.TestNgFeatures">
    <ignored/>
  </testcase> <!-- RegPageTest -->
  <testcase name="SearchPageTest" time="0.0" classname="com.test.TestNgFeatures">
    <ignored/>
  </testcase> <!-- SearchPageTest -->
</testsuite> <!-- Default test(failed) -->
