<?xml version="1.0" encoding="UTF-8"?>
<!-- Generated by org.testng.reporters.JUnitXMLReporter -->
<testsuite hostname="LAPTOP-S0433K5K" ignored="0" name="Different testng Feature Test " tests="19" failures="0" timestamp="2020-05-23T21:58:57 IST" time="72.852" errors="0">
  <testcase name="test1" time="0.007" classname="com.test.ExceptionTimeOut"/>
  <testcase name="googleLogoTest" time="0.188" classname="com.test.GoogleTest"/>
  <testcase name="googleTitleTest" time="0.011" classname="com.test.GoogleTest"/>
  <testcase name="mailLinkTest" time="0.067" classname="com.test.GoogleTest"/>
  <testcase name="test1" time="0.001" classname="com.test.GoogleTest"/>
  <testcase name="test2" time="0.002" classname="com.test.GoogleTest"/>
  <testcase name="test3" time="0.002" classname="com.test.GoogleTest"/>
  <testcase name="sum" time="0.002" classname="com.test.InvocationCountTest"/>
  <testcase name="sum" time="0.001" classname="com.test.InvocationCountTest"/>
  <testcase name="sum" time="0.002" classname="com.test.InvocationCountTest"/>
  <testcase name="sum" time="0.002" classname="com.test.InvocationCountTest"/>
  <testcase name="sum" time="0.002" classname="com.test.InvocationCountTest"/>
  <testcase name="sum" time="0.001" classname="com.test.InvocationCountTest"/>
  <testcase name="sum" time="0.002" classname="com.test.InvocationCountTest"/>
  <testcase name="sum" time="0.002" classname="com.test.InvocationCountTest"/>
  <testcase name="sum" time="0.002" classname="com.test.InvocationCountTest"/>
  <testcase name="sum" time="0.002" classname="com.test.InvocationCountTest"/>
  <testcase name="googleTitleTest" time="0.002" classname="com.test.TestNGBasic"/>
  <testcase name="searchTest" time="0.002" classname="com.test.TestNGBasic"/>
</testsuite> <!-- Different testng Feature Test  -->
