<?xml version="1.0" encoding="UTF-8"?>
<!-- Generated by org.testng.reporters.JUnitXMLReporter -->
<testsuite hostname="LAPTOP-S0433K5K" ignored="0" name="Free Crm Application Test" tests="3" failures="0" timestamp="2020-06-07T23:24:05 IST" time="129.039" errors="0">
  <testcase name="verifyHomeTitleTest" time="5.048" classname="com.crm.qa.testcases.HomePageTest"/>
  <testcase name="verifyUserNameTest" time="5.232" classname="com.crm.qa.testcases.HomePageTest"/>
  <testcase name="verifyContactLinkTest" time="6.598" classname="com.crm.qa.testcases.HomePageTest"/>
</testsuite> <!-- Free Crm Application Test -->
